20140403
-修改：change my company from foxconn to flashbay

20140305
1、将按钮样式从.button改为.btn
2、增加.disabled按钮样式
3、contact页面表单使用JSONP方式提交


-取消projects页面在Github上的链接


取消projects页面在Github上的链接


-Change the footer and add nofollow.
-图片使用七牛云存储加速


v2.0
1、修改：简化HTML结构：导航栏不使用span，删除welcome模块
2、修改：加入响应式设计
3、修改：移除导航里面的LOGO，更好的兼容响应式设计。


v1.9
1、修改：articles页面使用timeline时间轴展示文章，文章地址使用百度经验地址。
2、修改：contact页面加入表单验证。
3、修改：contact页面修改，大幅减少英文内容。


v1.8
1、修改：调整导航链接间距1em ==> 2em
2、修改：取消隐藏articles和services两个导航链接


v1.7
1、修改：导航换成首字母大写（移除text-transform样式）
2、修改：暂时隐藏articles和services两个导航链接


v1.6
1、修改：首页轮播图加入介绍信息


v1.5
1、修改：projects页面内容完善
2、加入：首页轮播用到的三个项目图片
3、删除：首页轮播用到的三张模板照片
4、修改：首页背景图移除
5、修改：upload目录更名为post-thumbs


v1.4
1、修改：完成首页轮播图的功能（原生js+css3）


v1.3
1、增加：用于表达自己四个特质“审美、激情、努力、创新”的四张图片
2、修改：index.html页面增加对自己的四个特质的表达
3、修改：footer里面的社交图标和友情链接


v1.2
1、删除：/font目录和fontello.css，使用图片代替图标字体(只在社交图标上使用了该字体)


v1.1
1、加入：邮件发送mail.php
2、修改：contact.html增加一个可以发送邮件的Form


v1.0
1、修改：将所有id样式修改为class样式
(CSS新准则:默认全部使用class不使用id样式，js事件绑定才添加id样式)
2、修改：首页样式再次改变，参考http://pixelkit.com/


v0.6
1、修改：在index.html页面使用轮播图，展示最新的project和article
2、修改：原index.html页面的内容融入到about页面


v0.5
1、加入：多个页面的中英文对照


v0.4
1、移除：名片页#intro并移除对应CSS
2、移除：jQuery，改用原生JavaScript并精简代码
3、修改：各个页面的title


v0.3
1、加入：中英文对照
2、加入：fontello-icon


v0.2
1、修改：顶部导航采用“导航1+LOGO+导航2”的居中样式
2、加入：页面scroll后，名片栏缩小至LOGO位置
3、加入：contact.html、about.html、services.html
4、加入：projects.html、articles.html


v0.1
1、加入：单页面index.html
2、加入：顶部导航
3、加入：按钮样式化